Using pre-set license
Built from '2023.1/staging' branch; Version is '2023.1.20f1 (35a524b12060) revision 3515684'; Using compiler version '192829333'; Build Type 'Release'
OS: 'Windows 11  (10.0.22631) 64bit Professional' Language: 'ja' Physical Memory: 16230 MB
BatchMode: 1, IsHumanControllingUs: 0, StartBugReporterOnCrash: 0, Is64bit: 1, IsPro: 1

COMMAND LINE ARGUMENTS:
C:\Program Files\Unity\Hub\Editor\2023.1.20f1\Editor\Unity.exe
-adb2
-batchMode
-noUpm
-name
AssetImportWorker0
-projectPath
C:/Users/s20237042/Desktop/Kaerurun12/Kaerurun13
-logFile
Logs/AssetImportWorker0.log
-srvPort
55810
Successfully changed project path to: C:/Users/s20237042/Desktop/Kaerurun12/Kaerurun13
C:/Users/s20237042/Desktop/Kaerurun12/Kaerurun13
[UnityMemory] Configuration Parameters - Can be set up in boot.config
    "memorysetup-bucket-allocator-granularity=16"
    "memorysetup-bucket-allocator-bucket-count=8"
    "memorysetup-bucket-allocator-block-size=33554432"
    "memorysetup-bucket-allocator-block-count=8"
    "memorysetup-main-allocator-block-size=16777216"
    "memorysetup-thread-allocator-block-size=16777216"
    "memorysetup-gfx-main-allocator-block-size=16777216"
    "memorysetup-gfx-thread-allocator-block-size=16777216"
    "memorysetup-cache-allocator-block-size=4194304"
    "memorysetup-typetree-allocator-block-size=2097152"
    "memorysetup-profiler-bucket-allocator-granularity=16"
    "memorysetup-profiler-bucket-allocator-bucket-count=8"
    "memorysetup-profiler-bucket-allocator-block-size=33554432"
    "memorysetup-profiler-bucket-allocator-block-count=8"
    "memorysetup-profiler-allocator-block-size=16777216"
    "memorysetup-profiler-editor-allocator-block-size=1048576"
    "memorysetup-temp-allocator-size-main=16777216"
    "memorysetup-job-temp-allocator-block-size=2097152"
    "memorysetup-job-temp-allocator-block-size-background=1048576"
    "memorysetup-job-temp-allocator-reduction-small-platforms=262144"
    "memorysetup-allocator-temp-initial-block-size-main=262144"
    "memorysetup-allocator-temp-initial-block-size-worker=262144"
    "memorysetup-temp-allocator-size-background-worker=32768"
    "memorysetup-temp-allocator-size-job-worker=262144"
    "memorysetup-temp-allocator-size-preload-manager=33554432"
    "memorysetup-temp-allocator-size-nav-mesh-worker=65536"
    "memorysetup-temp-allocator-size-audio-worker=65536"
    "memorysetup-temp-allocator-size-cloud-worker=32768"
    "memorysetup-temp-allocator-size-gi-baking-worker=262144"
    "memorysetup-temp-allocator-size-gfx=262144"
Player connection [16256] Host "[IP] 192.168.56.1 [Port] 0 [Flags] 2 [Guid] 704354785 [EditorId] 704354785 [Version] 1048832 [Id] WindowsEditor(7,HCS18001) [Debug] 1 [PackageName] WindowsEditor [ProjectName] Editor" joined multi-casting on [225.0.0.222:54997]...

Player connection [16256] Host "[IP] 192.168.56.1 [Port] 0 [Flags] 2 [Guid] 704354785 [EditorId] 704354785 [Version] 1048832 [Id] WindowsEditor(7,HCS18001) [Debug] 1 [PackageName] WindowsEditor [ProjectName] Editor" joined alternative multi-casting on [225.0.0.222:34997]...

[Physics::Module] Initialized MultithreadedJobDispatcher with 11 workers.
Library Redirect Path: Library/Refreshing native plugins compatible for Editor in 12.72 ms, found 4 plugins.
Preloading 0 native plugins for Editor in 0.00 ms.
Initialize engine version: 2023.1.20f1 (35a524b12060)
[Subsystems] Discovering subsystems at path C:/Program Files/Unity/Hub/Editor/2023.1.20f1/Editor/Data/Resources/UnitySubsystems
[Subsystems] Discovering subsystems at path C:/Users/s20237042/Desktop/Kaerurun12/Kaerurun13/Assets
GfxDevice: creating device client; threaded=0; jobified=0
Direct3D:
    Version:  Direct3D 11.0 [level 11.1]
    Renderer: NVIDIA GeForce GTX 1060 (ID=0x1c20)
    Vendor:   NVIDIA
    VRAM:     6052 MB
    Driver:   24.21.13.9835
Initialize mono
Mono path[0] = 'C:/Program Files/Unity/Hub/Editor/2023.1.20f1/Editor/Data/Managed'
Mono path[1] = 'C:/Program Files/Unity/Hub/Editor/2023.1.20f1/Editor/Data/MonoBleedingEdge/lib/mono/unityjit-win32'
Mono config path = 'C:/Program Files/Unity/Hub/Editor/2023.1.20f1/Editor/Data/MonoBleedingEdge/etc'
Using monoOptions --debugger-agent=transport=dt_socket,embedding=1,server=y,suspend=n,address=127.0.0.1:56140
Begin MonoManager ReloadAssembly
C:\build\output\Unity-Technologies\mono\mono\metadata\icall.c:1842:
C:\build\output\Unity-Technologies\mono\mono\metadata\icall.c:1842:
C:\build\output\Unity-Technologies\mono\mono\metadata\icall.c:1842:
C:\build\output\Unity-Technologies\mono\mono\metadata\icall.c:1842:
C:\build\output\Unity-Technologies\mono\mono\metadata\icall.c:1842:
C:\build\output\Unity-Technologies\mono\mono\metadata\icall.c:1842:
C:\build\output\Unity-Technologies\mono\mono\metadata\icall.c:1842:
C:\build\output\Unity-Technologies\mono\mono\metadata\icall.c:1842:
C:\build\output\Unity-Technologies\mono\mono\metadata\icall.c:1842:
C:\build\output\Unity-Technologies\mono\mono\metadata\icall.c:1842:
Registering precompiled unity dll's ...
Register platform support module: C:/Program Files/Unity/Hub/Editor/2023.1.20f1/Editor/Data/PlaybackEngines/WindowsStandaloneSupport/UnityEditor.WindowsStandalone.Extensions.dll
Registered in 0.003017 seconds.
- Loaded All Assemblies, in  0.554 seconds
Native extension for WindowsStandalone target not found
Mono: successfully reloaded assembly
C:\build\output\Unity-Technologies\mono\mono\metadata\icall.c:1842:
C:\build\output\Unity-Technologies\mono\mono\metadata\icall.c:1842:
- Finished resetting the current domain, in  0.377 seconds
Domain Reload Profiling: 929ms
	BeginReloadAssembly (170ms)
		ExecutionOrderSort (0ms)
		DisableScriptedObjects (0ms)
		BackupInstance (0ms)
		ReleaseScriptingObjects (0ms)
		CreateAndSetChildDomain (1ms)
	RebuildCommonClasses (47ms)
	RebuildNativeTypeToScriptingClass (19ms)
	initialDomainReloadingComplete (63ms)
	LoadAllAssembliesAndSetupDomain (253ms)
		LoadAssemblies (167ms)
		RebuildTransferFunctionScriptingTraits (0ms)
		AnalyzeDomain (248ms)
			TypeCache.Refresh (246ms)
				TypeCache.ScanAssembly (226ms)
			ScanForSourceGeneratedMonoScriptInfo (1ms)
			ResolveRequiredComponents (1ms)
	FinalizeReload (378ms)
		ReleaseScriptCaches (0ms)
		RebuildScriptCaches (0ms)
		SetupLoadedEditorAssemblies (315ms)
			LogAssemblyErrors (0ms)
			InitializePlatformSupportModulesInManaged (11ms)
			SetLoadedEditorAssemblies (6ms)
			BeforeProcessingInitializeOnLoad (11ms)
			ProcessInitializeOnLoadAttributes (217ms)
			ProcessInitializeOnLoadMethodAttributes (70ms)
			AfterProcessingInitializeOnLoad (0ms)
			EditorAssembliesLoaded (0ms)
		ExecutionOrderSort2 (0ms)
		AwakeInstancesAfterBackupRestoration (0ms)
========================================================================
Worker process is ready to serve import requests
Import Worker Mode flag is 0x00
Begin MonoManager ReloadAssembly
C:\build\output\Unity-Technologies\mono\mono\metadata\icall.c:1842:
C:\build\output\Unity-Technologies\mono\mono\metadata\icall.c:1842:
C:\build\output\Unity-Technologies\mono\mono\metadata\icall.c:1842:
C:\build\output\Unity-Technologies\mono\mono\metadata\icall.c:1842:
C:\build\output\Unity-Technologies\mono\mono\metadata\icall.c:1842:
C:\build\output\Unity-Technologies\mono\mono\metadata\icall.c:1842:
C:\build\output\Unity-Technologies\mono\mono\metadata\icall.c:1842:
C:\build\output\Unity-Technologies\mono\mono\metadata\icall.c:1842:
C:\build\output\Unity-Technologies\mono\mono\metadata\icall.c:1842:
C:\build\output\Unity-Technologies\mono\mono\metadata\icall.c:1842:
C:\build\output\Unity-Technologies\mono\mono\metadata\icall.c:1842:
C:\build\output\Unity-Technologies\mono\mono\metadata\icall.c:1842:
- Loaded All Assemblies, in  1.189 seconds
Refreshing native plugins compatible for Editor in 3.98 ms, found 4 plugins.
Native extension for WindowsStandalone target not found
Mono: successfully reloaded assembly
- Finished resetting the current domain, in  0.780 seconds
Domain Reload Profiling: 1965ms
	BeginReloadAssembly (370ms)
		ExecutionOrderSort (0ms)
		DisableScriptedObjects (8ms)
		BackupInstance (0ms)
		ReleaseScriptingObjects (0ms)
		CreateAndSetChildDomain (35ms)
	RebuildCommonClasses (43ms)
	RebuildNativeTypeToScriptingClass (13ms)
	initialDomainReloadingComplete (49ms)
	LoadAllAssembliesAndSetupDomain (710ms)
		LoadAssemblies (360ms)
		RebuildTransferFunctionScriptingTraits (0ms)
		AnalyzeDomain (453ms)
			TypeCache.Refresh (418ms)
				TypeCache.ScanAssembly (401ms)
			ScanForSourceGeneratedMonoScriptInfo (27ms)
			ResolveRequiredComponents (7ms)
	FinalizeReload (780ms)
		ReleaseScriptCaches (0ms)
		RebuildScriptCaches (0ms)
		SetupLoadedEditorAssemblies (530ms)
			LogAssemblyErrors (0ms)
			InitializePlatformSupportModulesInManaged (7ms)
			SetLoadedEditorAssemblies (4ms)
			BeforeProcessingInitializeOnLoad (95ms)
			ProcessInitializeOnLoadAttributes (379ms)
			ProcessInitializeOnLoadMethodAttributes (42ms)
			AfterProcessingInitializeOnLoad (4ms)
			EditorAssembliesLoaded (0ms)
		ExecutionOrderSort2 (0ms)
		AwakeInstancesAfterBackupRestoration (8ms)
Launched and connected shader compiler UnityShaderCompiler.exe after 0.02 seconds
Refreshing native plugins compatible for Editor in 4.99 ms, found 4 plugins.
Preloading 0 native plugins for Editor in 0.00 ms.
Unloading 4312 Unused Serialized files (Serialized files now loaded: 0)
Unloading 76 unused Assets / (94.1 KB). Loaded Objects now: 4852.
Memory consumption went from 163.2 MB to 163.1 MB.
Total: 4.940000 ms (FindLiveObjects: 0.329300 ms CreateObjectMapping: 0.361100 ms MarkObjects: 4.143900 ms  DeleteObjects: 0.104600 ms)

AssetImportParameters requested are different than current active one (requested -> active):
  custom:video-decoder-webm-vp8: 9c59270c3fd7afecdb556c50c9e8de78 -> 
  custom:audio-encoder-webm-vorbis: bf7c407c2cedff20999df2af8eb42d56 -> 
  custom:AudioImporter_EditorPlatform: d09bf68614088b80899f8185d706f6e7 -> 
  custom:audio-decoder-ogg-vorbis: bf7c407c2cedff20999df2af8eb42d56 -> 
  custom:video-encoder-webm-vp8: eb34c28f22e8b96e1ab97ce403110664 -> 
  custom:container-demuxer-ogg: 62fdf1f143b41e24485cea50d1cbac27 -> 
  custom:framework-win-MediaFoundation: 216162199b28c13a410421893ffa2e32 -> 
  custom:video-decoder-ogg-theora: a1e56fd34408186e4bbccfd4996cb3dc -> 
  custom:container-muxer-webm: aa71ff27fc2769a1b78a27578f13a17b -> 
  custom:video-codec-MediaFoundation-h265: 746d11721c4dcdbdad8f713fa42b33f4 -> 
  custom:container-demuxer-webm: 4f35f7cbe854078d1ac9338744f61a02 -> 
========================================================================
Received Prepare
Refreshing native plugins compatible for Editor in 3.78 ms, found 4 plugins.
Preloading 0 native plugins for Editor in 0.00 ms.
Unloading 2 Unused Serialized files (Serialized files now loaded: 0)
Unloading 2 unused Assets / (62.4 KB). Loaded Objects now: 4852.
Memory consumption went from 91.3 MB to 91.3 MB.
Total: 4.546000 ms (FindLiveObjects: 0.332200 ms CreateObjectMapping: 0.388000 ms MarkObjects: 3.791900 ms  DeleteObjects: 0.033000 ms)

Prepare: number of updated asset objects reloaded= 0
AssetImportParameters requested are different than current active one (requested -> active):
  custom:video-decoder-webm-vp8: 9c59270c3fd7afecdb556c50c9e8de78 -> 
  custom:SearchIndexIgnoredProperties: e643bd26f0fe6173181afceb89e7c659 -> 
  custom:audio-encoder-webm-vorbis: bf7c407c2cedff20999df2af8eb42d56 -> 
  custom:AudioImporter_EditorPlatform: d09bf68614088b80899f8185d706f6e7 -> 
  custom:audio-decoder-ogg-vorbis: bf7c407c2cedff20999df2af8eb42d56 -> 
  custom:video-encoder-webm-vp8: eb34c28f22e8b96e1ab97ce403110664 -> 
  custom:container-demuxer-ogg: 62fdf1f143b41e24485cea50d1cbac27 -> 
  custom:framework-win-MediaFoundation: 216162199b28c13a410421893ffa2e32 -> 
  custom:video-decoder-ogg-theora: a1e56fd34408186e4bbccfd4996cb3dc -> 
  custom:container-muxer-webm: aa71ff27fc2769a1b78a27578f13a17b -> 
  custom:video-codec-MediaFoundation-h265: 746d11721c4dcdbdad8f713fa42b33f4 -> 
  custom:CustomObjectIndexerAttribute: 756ad292c208cfabdd7b50bc23989ffe -> 
  custom:container-demuxer-webm: 4f35f7cbe854078d1ac9338744f61a02 -> 
========================================================================
Received Import Request.
  Time since last request: 267656.851765 seconds.
  path: Assets/Frog/BeardScript/BeardFrog.prefab
  artifactKey: Guid(b8d68a2ab397a6941a1676982e646c13) Importer(815301076,1909f56bfc062723c751e8b465ee728b)
Start importing Assets/Frog/BeardScript/BeardFrog.prefab using Guid(b8d68a2ab397a6941a1676982e646c13) Importer(815301076,1909f56bfc062723c751e8b465ee728b)  -> (artifact id: '26c22f104b4525429267de76859a0a9e') in 0.112391 seconds
Number of updated asset objects reloaded before import = 0
Number of asset objects unloaded after import = 27
========================================================================
Received Import Request.
  Time since last request: 0.000022 seconds.
  path: Assets/Frog/BeardScript/BeardFrog.cs
  artifactKey: Guid(779323c53e313d7449289ef52a24638e) Importer(815301076,1909f56bfc062723c751e8b465ee728b)
Start importing Assets/Frog/BeardScript/BeardFrog.cs using Guid(779323c53e313d7449289ef52a24638e) Importer(815301076,1909f56bfc062723c751e8b465ee728b)  -> (artifact id: '4d14113621d83abe6fe102023ce59c93') in 0.000561 seconds
Number of updated asset objects reloaded before import = 0
Number of asset objects unloaded after import = 0
========================================================================
Received Import Request.
  Time since last request: 38.752343 seconds.
  path: Assets/Frog/BeardScript/BeardFrog.prefab
  artifactKey: Guid(b8d68a2ab397a6941a1676982e646c13) Importer(815301076,1909f56bfc062723c751e8b465ee728b)
Start importing Assets/Frog/BeardScript/BeardFrog.prefab using Guid(b8d68a2ab397a6941a1676982e646c13) Importer(815301076,1909f56bfc062723c751e8b465ee728b)  -> (artifact id: 'a6b5b755876bcc52cd7f8a55e33e310e') in 0.007586 seconds
Number of updated asset objects reloaded before import = 0
Number of asset objects unloaded after import = 27
========================================================================
Received Import Request.
  Time since last request: 0.003981 seconds.
  path: Assets/Frog/BeardScript/BeardFrog.cs
  artifactKey: Guid(779323c53e313d7449289ef52a24638e) Importer(815301076,1909f56bfc062723c751e8b465ee728b)
Start importing Assets/Frog/BeardScript/BeardFrog.cs using Guid(779323c53e313d7449289ef52a24638e) Importer(815301076,1909f56bfc062723c751e8b465ee728b)  -> (artifact id: '89692824e6e77c057cbc0d3ba044123d') in 0.000594 seconds
Number of updated asset objects reloaded before import = 0
Number of asset objects unloaded after import = 0
========================================================================
Received Import Request.
  Time since last request: 6.246433 seconds.
  path: Assets/Frog/BeardScript/BeardFrog.prefab
  artifactKey: Guid(b8d68a2ab397a6941a1676982e646c13) Importer(815301076,1909f56bfc062723c751e8b465ee728b)
Start importing Assets/Frog/BeardScript/BeardFrog.prefab using Guid(b8d68a2ab397a6941a1676982e646c13) Importer(815301076,1909f56bfc062723c751e8b465ee728b)  -> (artifact id: '2605fefd102d682d21fa6aae4bd6cdef') in 0.007877 seconds
Number of updated asset objects reloaded before import = 0
Number of asset objects unloaded after import = 27
========================================================================
Received Import Request.
  Time since last request: 0.004250 seconds.
  path: Assets/Frog/BeardScript/BeardFrog.cs
  artifactKey: Guid(779323c53e313d7449289ef52a24638e) Importer(815301076,1909f56bfc062723c751e8b465ee728b)
Start importing Assets/Frog/BeardScript/BeardFrog.cs using Guid(779323c53e313d7449289ef52a24638e) Importer(815301076,1909f56bfc062723c751e8b465ee728b)  -> (artifact id: '69a1a781039da611043eb14a94cd0ea3') in 0.000732 seconds
Number of updated asset objects reloaded before import = 0
Number of asset objects unloaded after import = 0
========================================================================
Received Import Request.
  Time since last request: 16.097481 seconds.
  path: Assets/Frog/BeardScript/BeardFrog.prefab
  artifactKey: Guid(b8d68a2ab397a6941a1676982e646c13) Importer(815301076,1909f56bfc062723c751e8b465ee728b)
Start importing Assets/Frog/BeardScript/BeardFrog.prefab using Guid(b8d68a2ab397a6941a1676982e646c13) Importer(815301076,1909f56bfc062723c751e8b465ee728b)  -> (artifact id: '4b4a910e44bbcde9f927dc9b653c3ef4') in 0.009739 seconds
Number of updated asset objects reloaded before import = 0
Number of asset objects unloaded after import = 27
========================================================================
Received Import Request.
  Time since last request: 0.002100 seconds.
  path: Assets/Frog/BeardScript/BeardFrog.cs
  artifactKey: Guid(779323c53e313d7449289ef52a24638e) Importer(815301076,1909f56bfc062723c751e8b465ee728b)
Start importing Assets/Frog/BeardScript/BeardFrog.cs using Guid(779323c53e313d7449289ef52a24638e) Importer(815301076,1909f56bfc062723c751e8b465ee728b)  -> (artifact id: 'c91f9fdc1f1222b103944656413e113b') in 0.000572 seconds
Number of updated asset objects reloaded before import = 0
Number of asset objects unloaded after import = 0
========================================================================
Received Import Request.
  Time since last request: 12.790965 seconds.
  path: Assets/Frog/BeardScript/BeardFrog.prefab
  artifactKey: Guid(b8d68a2ab397a6941a1676982e646c13) Importer(815301076,1909f56bfc062723c751e8b465ee728b)
Start importing Assets/Frog/BeardScript/BeardFrog.prefab using Guid(b8d68a2ab397a6941a1676982e646c13) Importer(815301076,1909f56bfc062723c751e8b465ee728b)  -> (artifact id: '2fb4ec0987adef413f8e6d737969ac4c') in 0.008450 seconds
Number of updated asset objects reloaded before import = 0
Number of asset objects unloaded after import = 27
========================================================================
Received Import Request.
  Time since last request: 0.003284 seconds.
  path: Assets/Frog/BeardScript/BeardFrog.cs
  artifactKey: Guid(779323c53e313d7449289ef52a24638e) Importer(815301076,1909f56bfc062723c751e8b465ee728b)
Start importing Assets/Frog/BeardScript/BeardFrog.cs using Guid(779323c53e313d7449289ef52a24638e) Importer(815301076,1909f56bfc062723c751e8b465ee728b)  -> (artifact id: '616950f0223527dfd08934755e3200b9') in 0.000571 seconds
Number of updated asset objects reloaded before import = 0
Number of asset objects unloaded after import = 0
========================================================================
Received Import Request.
  Time since last request: 46.813998 seconds.
  path: Assets/Frog/BeardScript/BeardFrog.prefab
  artifactKey: Guid(b8d68a2ab397a6941a1676982e646c13) Importer(815301076,1909f56bfc062723c751e8b465ee728b)
Start importing Assets/Frog/BeardScript/BeardFrog.prefab using Guid(b8d68a2ab397a6941a1676982e646c13) Importer(815301076,1909f56bfc062723c751e8b465ee728b)  -> (artifact id: 'b45655a09d4c736257c26ad2a50ae90b') in 0.007926 seconds
Number of updated asset objects reloaded before import = 0
Number of asset objects unloaded after import = 27
========================================================================
Received Import Request.
  Time since last request: 0.003567 seconds.
  path: Assets/Frog/BeardScript/BeardFrog.cs
  artifactKey: Guid(779323c53e313d7449289ef52a24638e) Importer(815301076,1909f56bfc062723c751e8b465ee728b)
Start importing Assets/Frog/BeardScript/BeardFrog.cs using Guid(779323c53e313d7449289ef52a24638e) Importer(815301076,1909f56bfc062723c751e8b465ee728b)  -> (artifact id: 'd83ed1c5553aac95cb5ad44e065f3d36') in 0.000625 seconds
Number of updated asset objects reloaded before import = 0
Number of asset objects unloaded after import = 0
========================================================================
Received Import Request.
  Time since last request: 1.634442 seconds.
  path: Assets/Frog/BeardScript/BeardFrog.prefab
  artifactKey: Guid(b8d68a2ab397a6941a1676982e646c13) Importer(815301076,1909f56bfc062723c751e8b465ee728b)
Start importing Assets/Frog/BeardScript/BeardFrog.prefab using Guid(b8d68a2ab397a6941a1676982e646c13) Importer(815301076,1909f56bfc062723c751e8b465ee728b)  -> (artifact id: 'e159605eb850c683a5142b8c9380c810') in 0.007944 seconds
Number of updated asset objects reloaded before import = 0
Number of asset objects unloaded after import = 27
========================================================================
Received Import Request.
  Time since last request: 0.004592 seconds.
  path: Assets/Frog/BeardScript/BeardFrog.cs
  artifactKey: Guid(779323c53e313d7449289ef52a24638e) Importer(815301076,1909f56bfc062723c751e8b465ee728b)
Start importing Assets/Frog/BeardScript/BeardFrog.cs using Guid(779323c53e313d7449289ef52a24638e) Importer(815301076,1909f56bfc062723c751e8b465ee728b)  -> (artifact id: '19723b3cb59529029cdb75aefcf7ca16') in 0.000562 seconds
Number of updated asset objects reloaded before import = 0
Number of asset objects unloaded after import = 0
========================================================================
Received Import Request.
  Time since last request: 4.033403 seconds.
  path: Assets/Frog/BeardScript/BeardFrog.prefab
  artifactKey: Guid(b8d68a2ab397a6941a1676982e646c13) Importer(815301076,1909f56bfc062723c751e8b465ee728b)
Start importing Assets/Frog/BeardScript/BeardFrog.prefab using Guid(b8d68a2ab397a6941a1676982e646c13) Importer(815301076,1909f56bfc062723c751e8b465ee728b)  -> (artifact id: 'dfb8b9dda60f7bf120f8f242f203cd35') in 0.007497 seconds
Number of updated asset objects reloaded before import = 0
Number of asset objects unloaded after import = 27
========================================================================
Received Import Request.
  Time since last request: 0.003488 seconds.
  path: Assets/Frog/BeardScript/BeardFrog.cs
  artifactKey: Guid(779323c53e313d7449289ef52a24638e) Importer(815301076,1909f56bfc062723c751e8b465ee728b)
Start importing Assets/Frog/BeardScript/BeardFrog.cs using Guid(779323c53e313d7449289ef52a24638e) Importer(815301076,1909f56bfc062723c751e8b465ee728b)  -> (artifact id: 'a8645a239b812c7bc215d132ff8ab1ba') in 0.000570 seconds
Number of updated asset objects reloaded before import = 0
Number of asset objects unloaded after import = 0
========================================================================
Received Import Request.
  Time since last request: 3.348238 seconds.
  path: Assets/Frog/BeardScript/BeardFrog.prefab
  artifactKey: Guid(b8d68a2ab397a6941a1676982e646c13) Importer(815301076,1909f56bfc062723c751e8b465ee728b)
Start importing Assets/Frog/BeardScript/BeardFrog.prefab using Guid(b8d68a2ab397a6941a1676982e646c13) Importer(815301076,1909f56bfc062723c751e8b465ee728b)  -> (artifact id: '733383645493c836f3414cab996867eb') in 0.006715 seconds
Number of updated asset objects reloaded before import = 0
Number of asset objects unloaded after import = 27
========================================================================
Received Import Request.
  Time since last request: 0.004548 seconds.
  path: Assets/Frog/BeardScript/BeardFrog.cs
  artifactKey: Guid(779323c53e313d7449289ef52a24638e) Importer(815301076,1909f56bfc062723c751e8b465ee728b)
Start importing Assets/Frog/BeardScript/BeardFrog.cs using Guid(779323c53e313d7449289ef52a24638e) Importer(815301076,1909f56bfc062723c751e8b465ee728b)  -> (artifact id: '10fdfa903ee70db1d4e39f4c7f6dd382') in 0.000484 seconds
Number of updated asset objects reloaded before import = 0
Number of asset objects unloaded after import = 0
========================================================================
Received Import Request.
  Time since last request: 5.933551 seconds.
  path: Assets/Frog/BeardScript/BeardFrog.prefab
  artifactKey: Guid(b8d68a2ab397a6941a1676982e646c13) Importer(815301076,1909f56bfc062723c751e8b465ee728b)
Start importing Assets/Frog/BeardScript/BeardFrog.prefab using Guid(b8d68a2ab397a6941a1676982e646c13) Importer(815301076,1909f56bfc062723c751e8b465ee728b)  -> (artifact id: '0316b6ad1c6a9736d20896c5a3578471') in 0.008060 seconds
Number of updated asset objects reloaded before import = 0
Number of asset objects unloaded after import = 27
========================================================================
Received Import Request.
  Time since last request: 0.006175 seconds.
  path: Assets/Frog/BeardScript/BeardFrog.cs
  artifactKey: Guid(779323c53e313d7449289ef52a24638e) Importer(815301076,1909f56bfc062723c751e8b465ee728b)
Start importing Assets/Frog/BeardScript/BeardFrog.cs using Guid(779323c53e313d7449289ef52a24638e) Importer(815301076,1909f56bfc062723c751e8b465ee728b)  -> (artifact id: 'fd986d9661442de7aff54d450d6c23dc') in 0.000651 seconds
Number of updated asset objects reloaded before import = 0
Number of asset objects unloaded after import = 0
========================================================================
Received Import Request.
  Time since last request: 41.005398 seconds.
  path: Assets/Frog/BeardScript/BeardFrog.prefab
  artifactKey: Guid(b8d68a2ab397a6941a1676982e646c13) Importer(815301076,1909f56bfc062723c751e8b465ee728b)
Start importing Assets/Frog/BeardScript/BeardFrog.prefab using Guid(b8d68a2ab397a6941a1676982e646c13) Importer(815301076,1909f56bfc062723c751e8b465ee728b)  -> (artifact id: '696cea7b5a268a4fc0a5376c9df65479') in 0.008215 seconds
Number of updated asset objects reloaded before import = 0
Number of asset objects unloaded after import = 27
========================================================================
Received Import Request.
  Time since last request: 0.003655 seconds.
  path: Assets/Frog/BeardScript/BeardFrog.cs
  artifactKey: Guid(779323c53e313d7449289ef52a24638e) Importer(815301076,1909f56bfc062723c751e8b465ee728b)
Start importing Assets/Frog/BeardScript/BeardFrog.cs using Guid(779323c53e313d7449289ef52a24638e) Importer(815301076,1909f56bfc062723c751e8b465ee728b)  -> (artifact id: 'a337352b45f860958125327251392b87') in 0.000819 seconds
Number of updated asset objects reloaded before import = 0
Number of asset objects unloaded after import = 0
========================================================================
Received Import Request.
  Time since last request: 8.104323 seconds.
  path: Assets/Frog/BeardScript/BeardFrog.prefab
  artifactKey: Guid(b8d68a2ab397a6941a1676982e646c13) Importer(815301076,1909f56bfc062723c751e8b465ee728b)
Start importing Assets/Frog/BeardScript/BeardFrog.prefab using Guid(b8d68a2ab397a6941a1676982e646c13) Importer(815301076,1909f56bfc062723c751e8b465ee728b)  -> (artifact id: 'c55c8502cc716dc02fd971b7d3f7e765') in 0.007923 seconds
Number of updated asset objects reloaded before import = 0
Number of asset objects unloaded after import = 27
========================================================================
Received Import Request.
  Time since last request: 0.004920 seconds.
  path: Assets/Frog/BeardScript/BeardFrog.cs
  artifactKey: Guid(779323c53e313d7449289ef52a24638e) Importer(815301076,1909f56bfc062723c751e8b465ee728b)
Start importing Assets/Frog/BeardScript/BeardFrog.cs using Guid(779323c53e313d7449289ef52a24638e) Importer(815301076,1909f56bfc062723c751e8b465ee728b)  -> (artifact id: '94f3a1b26a6d4e09f3355107f91c8ed8') in 0.000657 seconds
Number of updated asset objects reloaded before import = 0
Number of asset objects unloaded after import = 0
========================================================================
Received Import Request.
  Time since last request: 12.097477 seconds.
  path: Assets/Frog/BeardScript/BeardFrog.prefab
  artifactKey: Guid(b8d68a2ab397a6941a1676982e646c13) Importer(815301076,1909f56bfc062723c751e8b465ee728b)
Start importing Assets/Frog/BeardScript/BeardFrog.prefab using Guid(b8d68a2ab397a6941a1676982e646c13) Importer(815301076,1909f56bfc062723c751e8b465ee728b)  -> (artifact id: '1ac06911f92df3d4725a34dd452a59c4') in 0.007621 seconds
Number of updated asset objects reloaded before import = 0
Number of asset objects unloaded after import = 27
========================================================================
Received Import Request.
  Time since last request: 0.004169 seconds.
  path: Assets/Frog/BeardScript/BeardFrog.cs
  artifactKey: Guid(779323c53e313d7449289ef52a24638e) Importer(815301076,1909f56bfc062723c751e8b465ee728b)
Start importing Assets/Frog/BeardScript/BeardFrog.cs using Guid(779323c53e313d7449289ef52a24638e) Importer(815301076,1909f56bfc062723c751e8b465ee728b)  -> (artifact id: '4390d71f1f43440d3e5d5c91070d6d13') in 0.000611 seconds
Number of updated asset objects reloaded before import = 0
Number of asset objects unloaded after import = 0
========================================================================
Received Prepare
Begin MonoManager ReloadAssembly
C:\build\output\Unity-Technologies\mono\mono\metadata\icall.c:1842:
C:\build\output\Unity-Technologies\mono\mono\metadata\icall.c:1842:
C:\build\output\Unity-Technologies\mono\mono\metadata\icall.c:1842:
C:\build\output\Unity-Technologies\mono\mono\metadata\icall.c:1842:
C:\build\output\Unity-Technologies\mono\mono\metadata\icall.c:1842:
C:\build\output\Unity-Technologies\mono\mono\metadata\icall.c:1842:
C:\build\output\Unity-Technologies\mono\mono\metadata\icall.c:1842:
C:\build\output\Unity-Technologies\mono\mono\metadata\icall.c:1842:
C:\build\output\Unity-Technologies\mono\mono\metadata\icall.c:1842:
C:\build\output\Unity-Technologies\mono\mono\metadata\icall.c:1842:
C:\build\output\Unity-Technologies\mono\mono\metadata\icall.c:1842:
C:\build\output\Unity-Technologies\mono\mono\metadata\icall.c:1842:
- Loaded All Assemblies, in  0.846 seconds
Refreshing native plugins compatible for Editor in 5.28 ms, found 4 plugins.
Native extension for WindowsStandalone target not found
Mono: successfully reloaded assembly
- Finished resetting the current domain, in  1.076 seconds
Domain Reload Profiling: 1918ms
	BeginReloadAssembly (215ms)
		ExecutionOrderSort (0ms)
		DisableScriptedObjects (14ms)
		BackupInstance (0ms)
		ReleaseScriptingObjects (0ms)
		CreateAndSetChildDomain (54ms)
	RebuildCommonClasses (36ms)
	RebuildNativeTypeToScriptingClass (14ms)
	initialDomainReloadingComplete (27ms)
	LoadAllAssembliesAndSetupDomain (549ms)
		LoadAssemblies (333ms)
		RebuildTransferFunctionScriptingTraits (0ms)
		AnalyzeDomain (321ms)
			TypeCache.Refresh (306ms)
				TypeCache.ScanAssembly (294ms)
			ScanForSourceGeneratedMonoScriptInfo (4ms)
			ResolveRequiredComponents (11ms)
	FinalizeReload (1076ms)
		ReleaseScriptCaches (0ms)
		RebuildScriptCaches (0ms)
		SetupLoadedEditorAssemblies (478ms)
			LogAssemblyErrors (0ms)
			InitializePlatformSupportModulesInManaged (6ms)
			SetLoadedEditorAssemblies (5ms)
			BeforeProcessingInitializeOnLoad (93ms)
			ProcessInitializeOnLoadAttributes (334ms)
			ProcessInitializeOnLoadMethodAttributes (35ms)
			AfterProcessingInitializeOnLoad (4ms)
			EditorAssembliesLoaded (0ms)
		ExecutionOrderSort2 (0ms)
		AwakeInstancesAfterBackupRestoration (9ms)
